{
  "RSpec": {
    "coverage": {
      "/Users/Agsiegert/Dropbox/Ruby Projects/Services_project/community_playdates/main_app/config/environment.rb": [
        null,
        1,
        null,
        null,
        1
      ],
      "/Users/Agsiegert/Dropbox/Ruby Projects/Services_project/community_playdates/main_app/config/application.rb": [
        1,
        null,
        1,
        null,
        null,
        null,
        1,
        null,
        1,
        1,
        null,
        null,
        null,
        null,
        null,
        null,
        null,
        null,
        null,
        null,
        null,
        1,
        null,
        null
      ],
      "/Users/Agsiegert/Dropbox/Ruby Projects/Services_project/community_playdates/main_app/config/boot.rb": [
        null,
        1,
        null,
        1
      ],
      "/Users/Agsiegert/Dropbox/Ruby Projects/Services_project/community_playdates/main_app/config/environments/test.rb": [
        1,
        null,
        null,
        null,
        null,
        null,
        null,
        1,
        null,
        null,
        null,
        null,
        1,
        null,
        null,
        1,
        1,
        null,
        null,
        1,
        1,
        null,
        null,
        1,
        null,
        null,
        1,
        null,
        null,
        null,
        null,
        1,
        null,
        null,
        1,
        null
      ],
      "/Users/Agsiegert/Dropbox/Ruby Projects/Services_project/community_playdates/main_app/config/initializers/backtrace_silencers.rb": [
        null,
        null,
        null,
        null,
        null,
        null,
        null
      ],
      "/Users/Agsiegert/Dropbox/Ruby Projects/Services_project/community_playdates/main_app/config/initializers/filter_parameter_logging.rb": [
        null,
        null,
        null,
        1
      ],
      "/Users/Agsiegert/Dropbox/Ruby Projects/Services_project/community_playdates/main_app/config/initializers/inflections.rb": [
        null,
        null,
        null,
        null,
        null,
        null,
        null,
        null,
        null,
        null,
        null,
        null,
        null,
        null,
        null,
        null
      ],
      "/Users/Agsiegert/Dropbox/Ruby Projects/Services_project/community_playdates/main_app/config/initializers/mime_types.rb": [
        null,
        null,
        null,
        null,
        null
      ],
      "/Users/Agsiegert/Dropbox/Ruby Projects/Services_project/community_playdates/main_app/config/initializers/secret_token.rb": [
        null,
        null,
        null,
        null,
        null,
        null,
        null,
        null,
        null,
        null,
        null,
        1
      ],
      "/Users/Agsiegert/Dropbox/Ruby Projects/Services_project/community_playdates/main_app/config/initializers/session_store.rb": [
        null,
        null,
        1
      ],
      "/Users/Agsiegert/Dropbox/Ruby Projects/Services_project/community_playdates/main_app/config/initializers/wrap_parameters.rb": [
        null,
        null,
        null,
        null,
        null,
        null,
        1,
        1,
        null,
        null,
        null,
        null,
        null,
        null
      ],
      "/Users/Agsiegert/Dropbox/Ruby Projects/Services_project/community_playdates/main_app/spec/factories/factories.rb": [
        1,
        null,
        1,
        1,
        1,
        1,
        1,
        1,
        1,
        null,
        null,
        1,
        1,
        1,
        1,
        1,
        1,
        null,
        null,
        1,
        1,
        null,
        null,
        1,
        1,
        1,
        1,
        null,
        null,
        1,
        1,
        1,
        1,
        null,
        null
      ],
      "/Users/Agsiegert/Dropbox/Ruby Projects/Services_project/community_playdates/main_app/config/routes.rb": [
        1,
        null,
        1,
        null,
        1,
        1,
        1,
        null,
        null,
        1,
        1,
        1,
        1,
        null,
        null
      ],
      "/Users/Agsiegert/Dropbox/Ruby Projects/Services_project/community_playdates/main_app/app/helpers/application_helper.rb": [
        1,
        null,
        1,
        0,
        0,
        null,
        0,
        null,
        null,
        null
      ],
      "/Users/Agsiegert/Dropbox/Ruby Projects/Services_project/community_playdates/main_app/app/helpers/dashboard_helper.rb": [
        1,
        null
      ],
      "/Users/Agsiegert/Dropbox/Ruby Projects/Services_project/community_playdates/main_app/app/helpers/events_helper.rb": [
        1,
        null
      ],
      "/Users/Agsiegert/Dropbox/Ruby Projects/Services_project/community_playdates/main_app/app/helpers/landing_helper.rb": [
        1,
        null
      ],
      "/Users/Agsiegert/Dropbox/Ruby Projects/Services_project/community_playdates/main_app/app/helpers/omniauth_callbacks_helper.rb": [
        1,
        null
      ],
      "/Users/Agsiegert/Dropbox/Ruby Projects/Services_project/community_playdates/main_app/app/helpers/registrations_helper.rb": [
        1,
        1,
        null,
        null,
        null,
        0,
        null,
        null,
        null
      ],
      "/Users/Agsiegert/Dropbox/Ruby Projects/Services_project/community_playdates/main_app/app/helpers/sessions_helper.rb": [
        1,
        null
      ],
      "/Users/Agsiegert/Dropbox/Ruby Projects/Services_project/community_playdates/main_app/app/helpers/users_helper.rb": [
        1,
        null
      ],
      "/Users/Agsiegert/Dropbox/Ruby Projects/Services_project/community_playdates/main_app/app/models/role.rb": [
        1,
        null
      ],
      "/Users/Agsiegert/Dropbox/Ruby Projects/Services_project/community_playdates/main_app/lib/user_client.rb": [
        1,
        null,
        1,
        0,
        0,
        0,
        0,
        null,
        null,
        0,
        0,
        0,
        null,
        0,
        null,
        null,
        null,
        1,
        0,
        0,
        null,
        null,
        0,
        0,
        0,
        0,
        null,
        null,
        0,
        null,
        null,
        null,
        1,
        0,
        0,
        0,
        0,
        null,
        null,
        null,
        1,
        0,
        0,
        null,
        0,
        null,
        null,
        null,
        1,
        0,
        0,
        null,
        null,
        0,
        0,
        0,
        null,
        0,
        null,
        null,
        null,
        null
      ]
    },
    "timestamp": 1392253404
  }
}
