{
  "RSpec": {
    "coverage": {
      "/Users/benhorne/Ruby/rails/community_playdates/config/environment.rb": [
        null,
        1,
        null,
        null,
        1
      ],
      "/Users/benhorne/Ruby/rails/community_playdates/config/application.rb": [
        1,
        null,
        1,
        null,
        null,
        null,
        1,
        null,
        1,
        1,
        null,
        null,
        null,
        null,
        null,
        null,
        null,
        null,
        null,
        null,
        null,
        null,
        null
      ],
      "/Users/benhorne/Ruby/rails/community_playdates/config/boot.rb": [
        null,
        1,
        null,
        1
      ],
      "/Users/benhorne/Ruby/rails/community_playdates/config/environments/test.rb": [
        1,
        null,
        null,
        null,
        null,
        null,
        null,
        1,
        null,
        null,
        null,
        null,
        1,
        null,
        null,
        1,
        1,
        null,
        null,
        1,
        1,
        null,
        null,
        1,
        null,
        null,
        1,
        null,
        null,
        null,
        null,
        1,
        null,
        null,
        1,
        null
      ],
      "/Users/benhorne/Ruby/rails/community_playdates/config/initializers/backtrace_silencers.rb": [
        null,
        null,
        null,
        null,
        null,
        null,
        null
      ],
      "/Users/benhorne/Ruby/rails/community_playdates/config/initializers/devise.rb": [
        null,
        null,
        1,
        null,
        null,
        null,
        1,
        null,
        null,
        null,
        null,
        null,
        1,
        null,
        null,
        null,
        null,
        null,
        null,
        null,
        null,
        1,
        null,
        null,
        null,
        null,
        null,
        null,
        null,
        null,
        null,
        1,
        null,
        null,
        null,
        null,
        null,
        null,
        null,
        null,
        null,
        null,
        null,
        1,
        null,
        null,
        null,
        null,
        1,
        null,
        null,
        null,
        null,
        null,
        null,
        null,
        null,
        null,
        null,
        null,
        null,
        null,
        null,
        null,
        null,
        null,
        null,
        null,
        null,
        null,
        null,
        null,
        null,
        null,
        null,
        null,
        null,
        null,
        null,
        1,
        null,
        null,
        null,
        null,
        null,
        null,
        null,
        null,
        null,
        null,
        null,
        null,
        null,
        null,
        1,
        null,
        null,
        null,
        null,
        null,
        null,
        null,
        null,
        null,
        null,
        null,
        null,
        null,
        null,
        null,
        null,
        null,
        null,
        null,
        null,
        null,
        null,
        null,
        null,
        1,
        null,
        null,
        null,
        null,
        null,
        null,
        null,
        null,
        null,
        null,
        null,
        null,
        null,
        null,
        null,
        null,
        null,
        null,
        null,
        null,
        null,
        null,
        null,
        null,
        null,
        null,
        null,
        null,
        null,
        null,
        null,
        null,
        null,
        null,
        null,
        null,
        null,
        null,
        null,
        null,
        null,
        null,
        null,
        null,
        null,
        null,
        null,
        null,
        null,
        null,
        null,
        null,
        null,
        null,
        null,
        null,
        null,
        null,
        null,
        null,
        null,
        null,
        null,
        null,
        null,
        null,
        1,
        null,
        null,
        null,
        null,
        null,
        null,
        null,
        null,
        null,
        null,
        null,
        null,
        null,
        null,
        null,
        null,
        null,
        null,
        null,
        null,
        null,
        null,
        null,
        null,
        null,
        null,
        null,
        null,
        null,
        null,
        null,
        null,
        null,
        null,
        null,
        null,
        null,
        1,
        null,
        null,
        null,
        null,
        null,
        1,
        null,
        null,
        null,
        null,
        null,
        null,
        null,
        null,
        null,
        null,
        null,
        null,
        null,
        null,
        null,
        null,
        null,
        null,
        null,
        null,
        null,
        null,
        null,
        null
      ],
      "/Users/benhorne/Ruby/rails/community_playdates/config/initializers/filter_parameter_logging.rb": [
        null,
        null,
        null,
        1
      ],
      "/Users/benhorne/Ruby/rails/community_playdates/config/initializers/inflections.rb": [
        null,
        null,
        null,
        null,
        null,
        null,
        null,
        null,
        null,
        null,
        null,
        null,
        null,
        null,
        null,
        null
      ],
      "/Users/benhorne/Ruby/rails/community_playdates/config/initializers/mime_types.rb": [
        null,
        null,
        null,
        null,
        null
      ],
      "/Users/benhorne/Ruby/rails/community_playdates/config/initializers/secret_token.rb": [
        null,
        null,
        null,
        null,
        null,
        null,
        null,
        null,
        null,
        null,
        null,
        1
      ],
      "/Users/benhorne/Ruby/rails/community_playdates/config/initializers/session_store.rb": [
        null,
        null,
        1
      ],
      "/Users/benhorne/Ruby/rails/community_playdates/config/initializers/wrap_parameters.rb": [
        null,
        null,
        null,
        null,
        null,
        null,
        1,
        1,
        null,
        null,
        null,
        null,
        null,
        null
      ],
      "/Users/benhorne/Ruby/rails/community_playdates/spec/factories/factories.rb": [
        1,
        null,
        1,
        1,
        1,
        1,
        1,
        1,
        1,
        null,
        null,
        1,
        1,
        1,
        1,
        1,
        1,
        null,
        null,
        1,
        1,
        null,
        null,
        1,
        1,
        1,
        6,
        null,
        null,
        1,
        1,
        1,
        1,
        null,
        null
      ],
      "/Users/benhorne/Ruby/rails/community_playdates/config/routes.rb": [
        1,
        null,
        1,
        null,
        1,
        null,
        null,
        null,
        1,
        1,
        1,
        1,
        null,
        1,
        null,
        null,
        null
      ],
      "/Users/benhorne/Ruby/rails/community_playdates/app/models/user.rb": [
        1,
        null,
        null,
        1,
        1,
        null,
        1,
        8,
        8,
        8,
        8,
        8,
        8,
        8,
        8,
        null,
        null,
        null,
        1,
        0,
        0,
        0,
        0,
        null,
        null,
        0,
        null,
        null,
        null,
        1,
        2,
        2,
        4,
        null,
        null,
        null,
        1,
        0,
        0,
        null,
        null,
        1,
        0,
        null,
        0,
        0,
        null,
        null,
        1,
        0,
        0,
        null,
        0,
        null,
        null,
        1,
        13,
        null,
        null,
        1,
        9,
        9,
        null,
        null,
        1,
        2,
        null,
        null,
        1,
        20,
        null,
        null,
        1,
        0,
        null,
        null,
        1,
        0,
        null,
        null,
        1,
        5,
        13,
        null,
        null,
        1,
        3,
        7,
        null,
        null,
        1,
        0,
        null,
        null,
        1,
        0,
        0,
        null,
        0,
        null,
        null,
        null,
        null
      ],
      "/Users/benhorne/Ruby/rails/community_playdates/app/helpers/application_helper.rb": [
        1,
        null
      ],
      "/Users/benhorne/Ruby/rails/community_playdates/app/helpers/dashboard_helper.rb": [
        1,
        null
      ],
      "/Users/benhorne/Ruby/rails/community_playdates/app/helpers/events_helper.rb": [
        1,
        null
      ],
      "/Users/benhorne/Ruby/rails/community_playdates/app/helpers/landing_helper.rb": [
        1,
        null
      ],
      "/Users/benhorne/Ruby/rails/community_playdates/app/helpers/omniauth_callbacks_helper.rb": [
        1,
        null
      ],
      "/Users/benhorne/Ruby/rails/community_playdates/app/helpers/registrations_helper.rb": [
        1,
        1,
        9,
        6,
        null,
        3,
        null,
        null,
        null
      ],
      "/Users/benhorne/Ruby/rails/community_playdates/app/helpers/sessions_helper.rb": [
        1,
        null
      ],
      "/Users/benhorne/Ruby/rails/community_playdates/app/helpers/users_helper.rb": [
        1,
        null
      ],
      "/Users/benhorne/Ruby/rails/community_playdates/app/controllers/dashboard_controller.rb": [
        1,
        null,
        1,
        20,
        null,
        10,
        null,
        null,
        null,
        null
      ],
      "/Users/benhorne/Ruby/rails/community_playdates/app/controllers/application_controller.rb": [
        1,
        null,
        null,
        1,
        null,
        null,
        1,
        null,
        1,
        124,
        null,
        null,
        1,
        null,
        null,
        null,
        null,
        null
      ],
      "/Users/benhorne/Ruby/rails/community_playdates/spec/controllers/events_controller_spec.rb": [
        1,
        null,
        1,
        null,
        null
      ],
      "/Users/benhorne/Ruby/rails/community_playdates/app/controllers/events_controller.rb": [
        1,
        null,
        1,
        3,
        null,
        null,
        1,
        3,
        null,
        null,
        1,
        1,
        1,
        null,
        null,
        1,
        1,
        1,
        1,
        1,
        1,
        1,
        1,
        1,
        1,
        null,
        0,
        null,
        null,
        null,
        1,
        1,
        1,
        1,
        null,
        0,
        null,
        null,
        null,
        1,
        1,
        1,
        1,
        1,
        null,
        0,
        null,
        null,
        null,
        null,
        null,
        null,
        null,
        1,
        null,
        1,
        2,
        null,
        null,
        1,
        2,
        null,
        null
      ],
      "/Users/benhorne/Ruby/rails/community_playdates/spec/controllers/landing_controller_spec.rb": [
        1,
        null,
        1,
        null,
        null
      ],
      "/Users/benhorne/Ruby/rails/community_playdates/app/controllers/landing_controller.rb": [
        1,
        null,
        null
      ],
      "/Users/benhorne/Ruby/rails/community_playdates/spec/controllers/omniauth_callbacks_controller_spec.rb": [
        1,
        null,
        1,
        null,
        null
      ],
      "/Users/benhorne/Ruby/rails/community_playdates/app/controllers/omniauth_callbacks_controller.rb": [
        1,
        null,
        1,
        8,
        8,
        8,
        8,
        8,
        8,
        null,
        0,
        0,
        null,
        null,
        null,
        1,
        null,
        null
      ],
      "/Users/benhorne/Ruby/rails/community_playdates/spec/controllers/registrations_controller_spec.rb": [
        1,
        null,
        1,
        null,
        null
      ],
      "/Users/benhorne/Ruby/rails/community_playdates/app/controllers/registrations_controller.rb": [
        1,
        null,
        1,
        2,
        5,
        2,
        2,
        1,
        null,
        1,
        1,
        null,
        null,
        null
      ],
      "/Users/benhorne/Ruby/rails/community_playdates/spec/controllers/users_controller_spec.rb": [
        1,
        null,
        1,
        null,
        null
      ],
      "/Users/benhorne/Ruby/rails/community_playdates/app/controllers/users_controller.rb": [
        1,
        null,
        1,
        2,
        2,
        null,
        null
      ],
      "/Users/benhorne/Ruby/rails/community_playdates/spec/features/create_new_event_spec.rb": [
        1,
        null,
        1,
        null,
        1,
        1,
        1,
        null,
        null,
        1,
        null,
        1,
        null,
        1,
        null,
        1,
        null,
        1,
        1,
        1,
        1,
        1,
        1,
        1,
        1,
        1,
        1,
        1,
        1,
        1,
        null,
        1,
        1,
        1,
        null,
        1,
        1,
        1,
        1,
        null,
        null
      ],
      "/Users/benhorne/Ruby/rails/community_playdates/spec/features/dashboard_page_spec.rb": [
        1,
        null,
        1,
        null,
        1,
        1,
        1,
        null,
        null,
        1,
        1,
        1,
        1,
        null,
        null,
        null,
        null
      ],
      "/Users/benhorne/Ruby/rails/community_playdates/spec/features/edit_event_spec.rb": [
        1,
        null,
        1,
        1,
        1,
        1,
        null,
        null,
        1,
        1,
        null,
        1,
        null,
        1,
        null,
        1,
        null,
        1,
        null,
        1,
        null,
        1,
        null,
        1,
        null,
        1,
        1,
        1,
        1,
        1,
        1,
        1,
        1,
        1,
        1,
        1,
        1,
        null,
        1,
        1,
        1,
        null,
        null,
        null
      ],
      "/Users/benhorne/Ruby/rails/community_playdates/spec/features/join_playdates_spec.rb": [
        1,
        null,
        1,
        null,
        1,
        1,
        1,
        1,
        1,
        1,
        null,
        1,
        null,
        1,
        null,
        1,
        1,
        1,
        1,
        null,
        null,
        1,
        null,
        1,
        1,
        1,
        null,
        1,
        null,
        null,
        null
      ],
      "/Users/benhorne/Ruby/rails/community_playdates/spec/features/user_profile_spec.rb": [
        1,
        null,
        1,
        null,
        1,
        1,
        1,
        1,
        1,
        null,
        1,
        1,
        1,
        null,
        null,
        null,
        1,
        1,
        1,
        1,
        1,
        1,
        1,
        1,
        null,
        1,
        null,
        1,
        1,
        1,
        null,
        1,
        1,
        null,
        null,
        1,
        1,
        1,
        null,
        null,
        1,
        1,
        null,
        null,
        null,
        null
      ],
      "/Users/benhorne/Ruby/rails/community_playdates/spec/features/view_all_events_spec.rb": [
        1,
        null,
        1,
        null,
        1,
        1,
        1,
        1,
        1,
        1,
        4,
        4,
        null,
        1,
        1,
        1,
        1,
        1,
        1,
        1,
        null,
        null,
        null
      ],
      "/Users/benhorne/Ruby/rails/community_playdates/spec/helpers/dashboard_helper_spec.rb": [
        1,
        null,
        null,
        null,
        null,
        null,
        null,
        null,
        null,
        null,
        null,
        null,
        1,
        null,
        null
      ],
      "/Users/benhorne/Ruby/rails/community_playdates/spec/helpers/events_helper_spec.rb": [
        1,
        null,
        null,
        null,
        null,
        null,
        null,
        null,
        null,
        null,
        null,
        null,
        1,
        null,
        null
      ],
      "/Users/benhorne/Ruby/rails/community_playdates/spec/helpers/landing_helper_spec.rb": [
        1,
        null,
        null,
        null,
        null,
        null,
        null,
        null,
        null,
        null,
        null,
        null,
        1,
        null,
        null
      ],
      "/Users/benhorne/Ruby/rails/community_playdates/spec/helpers/omniauth_callbacks_helper_spec.rb": [
        1,
        null,
        null,
        null,
        null,
        null,
        null,
        null,
        null,
        null,
        null,
        null,
        1,
        null,
        null
      ],
      "/Users/benhorne/Ruby/rails/community_playdates/spec/helpers/registrations_helper_spec.rb": [
        1,
        null,
        null,
        null,
        null,
        null,
        null,
        null,
        null,
        null,
        null,
        null,
        1,
        null,
        null
      ],
      "/Users/benhorne/Ruby/rails/community_playdates/spec/helpers/users_helper_spec.rb": [
        1,
        null,
        null,
        null,
        null,
        null,
        null,
        null,
        null,
        null,
        null,
        null,
        1,
        null
      ],
      "/Users/benhorne/Ruby/rails/community_playdates/spec/models/event_spec.rb": [
        1,
        null,
        1,
        null,
        1,
        1,
        null,
        1,
        1,
        null,
        null,
        1,
        1,
        1,
        1,
        null,
        1,
        null,
        null,
        1,
        1,
        1,
        1,
        1,
        null,
        1,
        null,
        null,
        null,
        null
      ],
      "/Users/benhorne/Ruby/rails/community_playdates/spec/models/friend_spec.rb": [
        1,
        null,
        1,
        1,
        1,
        1,
        1,
        1,
        null,
        null,
        1,
        1,
        1,
        1,
        null,
        null
      ],
      "/Users/benhorne/Ruby/rails/community_playdates/app/models/friend.rb": [
        1,
        1,
        null,
        1,
        6,
        6,
        6,
        null,
        null,
        1,
        1,
        null,
        null,
        null
      ],
      "/Users/benhorne/Ruby/rails/community_playdates/spec/models/location_spec.rb": [
        1,
        null,
        1,
        null,
        1,
        1,
        null,
        1,
        null,
        null,
        1,
        1,
        null,
        1,
        1,
        null,
        null,
        1,
        1,
        null,
        1,
        1,
        null,
        null,
        1,
        1,
        null,
        1,
        1,
        null,
        null,
        1,
        1,
        null,
        1,
        1,
        null,
        null,
        1,
        1,
        null,
        1,
        1,
        null,
        null,
        null
      ],
      "/Users/benhorne/Ruby/rails/community_playdates/app/models/location.rb": [
        1,
        1,
        null,
        1,
        null
      ],
      "/Users/benhorne/Ruby/rails/community_playdates/spec/models/registration_spec.rb": [
        1,
        null,
        1,
        1,
        1,
        1,
        1,
        1,
        1,
        null,
        1,
        null,
        null,
        1,
        1,
        1,
        null,
        1,
        null,
        null
      ],
      "/Users/benhorne/Ruby/rails/community_playdates/app/models/registration.rb": [
        1,
        1,
        1,
        1,
        null,
        1,
        5,
        null,
        null
      ],
      "/Users/benhorne/Ruby/rails/community_playdates/spec/models/role_spec.rb": [
        1,
        null,
        1,
        null
      ],
      "/Users/benhorne/Ruby/rails/community_playdates/app/models/role.rb": [
        1,
        null
      ],
      "/Users/benhorne/Ruby/rails/community_playdates/spec/models/user_spec.rb": [
        1,
        null,
        1,
        null,
        1,
        1,
        1,
        null,
        null,
        null,
        1,
        1,
        1,
        null,
        null,
        1,
        1,
        null,
        null,
        null,
        null,
        null,
        1,
        1,
        null,
        null
      ],
      "/Users/benhorne/Ruby/rails/community_playdates/app/models/event.rb": [
        1,
        1,
        1,
        1,
        null,
        1,
        0,
        null,
        null,
        1,
        3,
        8,
        3,
        3,
        null,
        3,
        null,
        null,
        1,
        32,
        71,
        32,
        null,
        null,
        null
      ]
    },
    "timestamp": 1391563302
  }
}
